2025-08-09 20:18:02,506 [INFO] Opening video file: D:/Projects/TrueForm/data/raw/video_0.mp4
2025-08-09 20:18:02,666 [INFO] Video properties: 30.00 FPS, 270x480
2025-08-09 20:18:06,691 [INFO] Processed 50 frames...
2025-08-09 20:18:10,651 [INFO] Processed 100 frames...
2025-08-09 20:18:14,592 [INFO] Processed 150 frames...
2025-08-09 20:18:18,532 [INFO] Processed 200 frames...
2025-08-09 20:18:22,507 [INFO] Processed 250 frames...
2025-08-09 20:18:26,453 [INFO] Processed 300 frames...
2025-08-09 20:18:27,595 [WARNING] No pose landmarks detected in frame 314
2025-08-09 20:18:28,009 [WARNING] No pose landmarks detected in frame 319
2025-08-09 20:18:28,028 [WARNING] No pose landmarks detected in frame 320
2025-08-09 20:18:28,047 [WARNING] No pose landmarks detected in frame 321
2025-08-09 20:18:28,065 [WARNING] No pose landmarks detected in frame 322
2025-08-09 20:18:28,085 [WARNING] No pose landmarks detected in frame 323
2025-08-09 20:18:28,104 [WARNING] No pose landmarks detected in frame 324
2025-08-09 20:18:28,139 [WARNING] No pose landmarks detected in frame 325
2025-08-09 20:18:28,163 [WARNING] No pose landmarks detected in frame 326
2025-08-09 20:18:28,183 [WARNING] No pose landmarks detected in frame 327
2025-08-09 20:18:28,202 [WARNING] No pose landmarks detected in frame 328
2025-08-09 20:18:28,221 [WARNING] No pose landmarks detected in frame 329
2025-08-09 20:18:28,239 [WARNING] No pose landmarks detected in frame 330
2025-08-09 20:18:28,259 [WARNING] No pose landmarks detected in frame 331
2025-08-09 20:18:28,278 [WARNING] No pose landmarks detected in frame 332
2025-08-09 20:18:28,296 [WARNING] No pose landmarks detected in frame 333
2025-08-09 20:18:28,316 [WARNING] No pose landmarks detected in frame 334
2025-08-09 20:18:28,335 [WARNING] No pose landmarks detected in frame 335
2025-08-09 20:18:28,354 [WARNING] No pose landmarks detected in frame 336
2025-08-09 20:18:28,373 [WARNING] No pose landmarks detected in frame 337
2025-08-09 20:18:28,556 [WARNING] No pose landmarks detected in frame 339
2025-08-09 20:18:28,575 [WARNING] No pose landmarks detected in frame 340
2025-08-09 20:18:28,593 [WARNING] No pose landmarks detected in frame 341
2025-08-09 20:18:28,613 [WARNING] No pose landmarks detected in frame 342
2025-08-09 20:18:28,632 [WARNING] No pose landmarks detected in frame 343
2025-08-09 20:18:28,652 [WARNING] No pose landmarks detected in frame 344
2025-08-09 20:18:28,670 [WARNING] No pose landmarks detected in frame 345
2025-08-09 20:18:28,689 [WARNING] No pose landmarks detected in frame 346
2025-08-09 20:18:28,707 [WARNING] No pose landmarks detected in frame 347
2025-08-09 20:18:28,729 [WARNING] No pose landmarks detected in frame 348
2025-08-09 20:18:28,749 [WARNING] No pose landmarks detected in frame 349
2025-08-09 20:18:28,768 [WARNING] No pose landmarks detected in frame 350
2025-08-09 20:18:28,788 [WARNING] No pose landmarks detected in frame 351
2025-08-09 20:18:28,806 [WARNING] No pose landmarks detected in frame 352
2025-08-09 20:18:32,608 [INFO] Processed 400 frames...
2025-08-09 20:18:33,325 [INFO] End of video reached.
2025-08-09 20:18:33,337 [INFO] Saved annotated video to D:/Projects/TrueForm/outputs/video_0_annotated.mp4\video_0.mp4
2025-08-09 20:27:25,525 [INFO] Opening video file: D:/Projects/TrueForm/data/raw/video_0.mp4
2025-08-09 20:27:25,530 [INFO] Video properties: 30.00 FPS, 270x480
2025-08-09 20:27:29,498 [INFO] Processed 50 frames...
2025-08-09 20:27:33,386 [INFO] Processed 100 frames...
2025-08-09 20:27:37,265 [INFO] Processed 150 frames...
2025-08-09 20:27:41,153 [INFO] Processed 200 frames...
2025-08-09 20:27:45,081 [INFO] Processed 250 frames...
2025-08-09 20:27:49,023 [INFO] Processed 300 frames...
2025-08-09 20:27:50,146 [WARNING] No pose landmarks detected in frame 314
2025-08-09 20:27:50,559 [WARNING] No pose landmarks detected in frame 319
2025-08-09 20:27:50,577 [WARNING] No pose landmarks detected in frame 320
2025-08-09 20:27:50,596 [WARNING] No pose landmarks detected in frame 321
2025-08-09 20:27:50,618 [WARNING] No pose landmarks detected in frame 322
2025-08-09 20:27:50,638 [WARNING] No pose landmarks detected in frame 323
2025-08-09 20:27:50,655 [WARNING] No pose landmarks detected in frame 324
2025-08-09 20:27:50,674 [WARNING] No pose landmarks detected in frame 325
2025-08-09 20:27:50,694 [WARNING] No pose landmarks detected in frame 326
2025-08-09 20:27:50,713 [WARNING] No pose landmarks detected in frame 327
2025-08-09 20:27:50,731 [WARNING] No pose landmarks detected in frame 328
2025-08-09 20:27:50,750 [WARNING] No pose landmarks detected in frame 329
2025-08-09 20:27:50,770 [WARNING] No pose landmarks detected in frame 330
2025-08-09 20:27:50,789 [WARNING] No pose landmarks detected in frame 331
2025-08-09 20:27:50,808 [WARNING] No pose landmarks detected in frame 332
2025-08-09 20:27:50,826 [WARNING] No pose landmarks detected in frame 333
2025-08-09 20:27:50,844 [WARNING] No pose landmarks detected in frame 334
2025-08-09 20:27:50,863 [WARNING] No pose landmarks detected in frame 335
2025-08-09 20:27:50,883 [WARNING] No pose landmarks detected in frame 336
2025-08-09 20:27:50,902 [WARNING] No pose landmarks detected in frame 337
2025-08-09 20:27:51,079 [WARNING] No pose landmarks detected in frame 339
2025-08-09 20:27:51,097 [WARNING] No pose landmarks detected in frame 340
2025-08-09 20:27:51,117 [WARNING] No pose landmarks detected in frame 341
2025-08-09 20:27:51,135 [WARNING] No pose landmarks detected in frame 342
2025-08-09 20:27:51,154 [WARNING] No pose landmarks detected in frame 343
2025-08-09 20:27:51,174 [WARNING] No pose landmarks detected in frame 344
2025-08-09 20:27:51,193 [WARNING] No pose landmarks detected in frame 345
2025-08-09 20:27:51,212 [WARNING] No pose landmarks detected in frame 346
2025-08-09 20:27:51,232 [WARNING] No pose landmarks detected in frame 347
2025-08-09 20:27:51,251 [WARNING] No pose landmarks detected in frame 348
2025-08-09 20:27:51,270 [WARNING] No pose landmarks detected in frame 349
2025-08-09 20:27:51,287 [WARNING] No pose landmarks detected in frame 350
2025-08-09 20:27:51,306 [WARNING] No pose landmarks detected in frame 351
2025-08-09 20:27:51,326 [WARNING] No pose landmarks detected in frame 352
2025-08-09 20:27:55,128 [INFO] Processed 400 frames...
2025-08-09 20:27:55,849 [INFO] End of video reached.
2025-08-09 20:27:55,855 [INFO] Saved annotated video to D:/Projects/TrueForm/outputs/video_0_annotated.mp4\video_0.mp4
2025-08-09 20:29:43,004 [INFO] Opening video file: D:/Projects/TrueForm/data/raw/video_0.mp4
2025-08-09 20:29:43,009 [INFO] Video properties: 30.00 FPS, 270x480
2025-08-09 20:29:46,949 [INFO] Processed 50 frames...
2025-08-09 20:29:50,847 [INFO] Processed 100 frames...
2025-08-09 20:29:54,745 [INFO] Processed 150 frames...
2025-08-09 20:29:58,640 [INFO] Processed 200 frames...
2025-08-09 20:30:02,539 [INFO] Processed 250 frames...
2025-08-09 20:30:06,438 [INFO] Processed 300 frames...
2025-08-09 20:30:07,525 [WARNING] No pose landmarks detected in frame 314
2025-08-09 20:30:07,935 [WARNING] No pose landmarks detected in frame 319
2025-08-09 20:30:07,954 [WARNING] No pose landmarks detected in frame 320
2025-08-09 20:30:07,973 [WARNING] No pose landmarks detected in frame 321
2025-08-09 20:30:07,991 [WARNING] No pose landmarks detected in frame 322
2025-08-09 20:30:08,013 [WARNING] No pose landmarks detected in frame 323
2025-08-09 20:30:08,033 [WARNING] No pose landmarks detected in frame 324
2025-08-09 20:30:08,051 [WARNING] No pose landmarks detected in frame 325
2025-08-09 20:30:08,070 [WARNING] No pose landmarks detected in frame 326
2025-08-09 20:30:08,089 [WARNING] No pose landmarks detected in frame 327
2025-08-09 20:30:08,107 [WARNING] No pose landmarks detected in frame 328
2025-08-09 20:30:08,128 [WARNING] No pose landmarks detected in frame 329
2025-08-09 20:30:08,146 [WARNING] No pose landmarks detected in frame 330
2025-08-09 20:30:08,165 [WARNING] No pose landmarks detected in frame 331
2025-08-09 20:30:08,184 [WARNING] No pose landmarks detected in frame 332
2025-08-09 20:30:08,203 [WARNING] No pose landmarks detected in frame 333
2025-08-09 20:30:08,221 [WARNING] No pose landmarks detected in frame 334
2025-08-09 20:30:08,240 [WARNING] No pose landmarks detected in frame 335
2025-08-09 20:30:08,258 [WARNING] No pose landmarks detected in frame 336
2025-08-09 20:30:08,277 [WARNING] No pose landmarks detected in frame 337
2025-08-09 20:30:08,452 [WARNING] No pose landmarks detected in frame 339
2025-08-09 20:30:08,471 [WARNING] No pose landmarks detected in frame 340
2025-08-09 20:30:08,490 [WARNING] No pose landmarks detected in frame 341
2025-08-09 20:30:08,511 [WARNING] No pose landmarks detected in frame 342
2025-08-09 20:30:08,529 [WARNING] No pose landmarks detected in frame 343
2025-08-09 20:30:08,548 [WARNING] No pose landmarks detected in frame 344
2025-08-09 20:30:08,567 [WARNING] No pose landmarks detected in frame 345
2025-08-09 20:30:08,586 [WARNING] No pose landmarks detected in frame 346
2025-08-09 20:30:08,605 [WARNING] No pose landmarks detected in frame 347
2025-08-09 20:30:08,623 [WARNING] No pose landmarks detected in frame 348
2025-08-09 20:30:08,641 [WARNING] No pose landmarks detected in frame 349
2025-08-09 20:30:08,660 [WARNING] No pose landmarks detected in frame 350
2025-08-09 20:30:08,678 [WARNING] No pose landmarks detected in frame 351
2025-08-09 20:30:08,698 [WARNING] No pose landmarks detected in frame 352
2025-08-09 20:30:12,447 [INFO] Processed 400 frames...
2025-08-09 20:30:13,148 [INFO] End of video reached.
2025-08-09 20:30:13,154 [INFO] Saved annotated video to D:/Projects/TrueForm/outputs/video_0_annotated.mp4\video_0.mp4
2025-08-09 20:32:55,396 [INFO] Opening video file: D:/Projects/TrueForm/data/raw/video_0.mp4
2025-08-09 20:32:55,402 [INFO] Video properties: 30.00 FPS, 270x480
2025-08-09 20:32:59,421 [INFO] Processed 50 frames...
2025-08-09 20:33:03,564 [INFO] Processed 100 frames...
2025-08-09 20:33:07,596 [INFO] Processed 150 frames...
2025-08-09 20:33:11,720 [INFO] Processed 200 frames...
2025-08-09 20:33:15,624 [INFO] Processed 250 frames...
2025-08-09 20:33:19,512 [INFO] Processed 300 frames...
2025-08-09 20:33:20,604 [WARNING] No pose landmarks detected in frame 314
2025-08-09 20:33:21,013 [WARNING] No pose landmarks detected in frame 319
2025-08-09 20:33:21,031 [WARNING] No pose landmarks detected in frame 320
2025-08-09 20:33:21,050 [WARNING] No pose landmarks detected in frame 321
2025-08-09 20:33:21,071 [WARNING] No pose landmarks detected in frame 322
2025-08-09 20:33:21,090 [WARNING] No pose landmarks detected in frame 323
2025-08-09 20:33:21,109 [WARNING] No pose landmarks detected in frame 324
2025-08-09 20:33:21,130 [WARNING] No pose landmarks detected in frame 325
2025-08-09 20:33:21,150 [WARNING] No pose landmarks detected in frame 326
2025-08-09 20:33:21,168 [WARNING] No pose landmarks detected in frame 327
2025-08-09 20:33:21,187 [WARNING] No pose landmarks detected in frame 328
2025-08-09 20:33:21,207 [WARNING] No pose landmarks detected in frame 329
2025-08-09 20:33:21,227 [WARNING] No pose landmarks detected in frame 330
2025-08-09 20:33:21,246 [WARNING] No pose landmarks detected in frame 331
2025-08-09 20:33:21,264 [WARNING] No pose landmarks detected in frame 332
2025-08-09 20:33:21,283 [WARNING] No pose landmarks detected in frame 333
2025-08-09 20:33:21,301 [WARNING] No pose landmarks detected in frame 334
2025-08-09 20:33:21,320 [WARNING] No pose landmarks detected in frame 335
2025-08-09 20:33:21,338 [WARNING] No pose landmarks detected in frame 336
2025-08-09 20:33:21,358 [WARNING] No pose landmarks detected in frame 337
2025-08-09 20:33:21,533 [WARNING] No pose landmarks detected in frame 339
2025-08-09 20:33:21,553 [WARNING] No pose landmarks detected in frame 340
2025-08-09 20:33:21,571 [WARNING] No pose landmarks detected in frame 341
2025-08-09 20:33:21,590 [WARNING] No pose landmarks detected in frame 342
2025-08-09 20:33:21,612 [WARNING] No pose landmarks detected in frame 343
2025-08-09 20:33:21,631 [WARNING] No pose landmarks detected in frame 344
2025-08-09 20:33:21,650 [WARNING] No pose landmarks detected in frame 345
2025-08-09 20:33:21,669 [WARNING] No pose landmarks detected in frame 346
2025-08-09 20:33:21,688 [WARNING] No pose landmarks detected in frame 347
2025-08-09 20:33:21,707 [WARNING] No pose landmarks detected in frame 348
2025-08-09 20:33:21,725 [WARNING] No pose landmarks detected in frame 349
2025-08-09 20:33:21,746 [WARNING] No pose landmarks detected in frame 350
2025-08-09 20:33:21,765 [WARNING] No pose landmarks detected in frame 351
2025-08-09 20:33:21,783 [WARNING] No pose landmarks detected in frame 352
2025-08-09 20:33:25,543 [INFO] Processed 400 frames...
2025-08-09 20:33:26,256 [INFO] End of video reached.
2025-08-09 20:33:26,261 [INFO] Saved annotated video to D:/Projects/TrueForm/outputs/video_0_annotated.mp4\video_0.mp4
2025-08-09 20:34:16,192 [INFO] Opening video file: D:/Projects/TrueForm/data/raw/video_0.mp4
2025-08-09 20:34:16,197 [INFO] Video properties: 30.00 FPS, 270x480
2025-08-09 20:34:20,115 [INFO] Processed 50 frames...
2025-08-09 20:34:23,995 [INFO] Processed 100 frames...
2025-08-09 20:34:27,890 [INFO] Processed 150 frames...
2025-08-09 20:34:31,772 [INFO] Processed 200 frames...
2025-08-09 20:34:35,724 [INFO] Processed 250 frames...
2025-08-09 20:34:39,667 [INFO] Processed 300 frames...
2025-08-09 20:34:40,790 [WARNING] No pose landmarks detected in frame 314
2025-08-09 20:34:41,199 [WARNING] No pose landmarks detected in frame 319
2025-08-09 20:34:41,218 [WARNING] No pose landmarks detected in frame 320
2025-08-09 20:34:41,238 [WARNING] No pose landmarks detected in frame 321
2025-08-09 20:34:41,257 [WARNING] No pose landmarks detected in frame 322
2025-08-09 20:34:41,275 [WARNING] No pose landmarks detected in frame 323
2025-08-09 20:34:41,294 [WARNING] No pose landmarks detected in frame 324
2025-08-09 20:34:41,313 [WARNING] No pose landmarks detected in frame 325
2025-08-09 20:34:41,332 [WARNING] No pose landmarks detected in frame 326
2025-08-09 20:34:41,352 [WARNING] No pose landmarks detected in frame 327
2025-08-09 20:34:41,370 [WARNING] No pose landmarks detected in frame 328
2025-08-09 20:34:41,389 [WARNING] No pose landmarks detected in frame 329
2025-08-09 20:34:41,407 [WARNING] No pose landmarks detected in frame 330
2025-08-09 20:34:41,426 [WARNING] No pose landmarks detected in frame 331
2025-08-09 20:34:41,444 [WARNING] No pose landmarks detected in frame 332
2025-08-09 20:34:41,463 [WARNING] No pose landmarks detected in frame 333
2025-08-09 20:34:41,482 [WARNING] No pose landmarks detected in frame 334
2025-08-09 20:34:41,501 [WARNING] No pose landmarks detected in frame 335
2025-08-09 20:34:41,520 [WARNING] No pose landmarks detected in frame 336
2025-08-09 20:34:41,539 [WARNING] No pose landmarks detected in frame 337
2025-08-09 20:34:41,717 [WARNING] No pose landmarks detected in frame 339
2025-08-09 20:34:41,736 [WARNING] No pose landmarks detected in frame 340
2025-08-09 20:34:41,754 [WARNING] No pose landmarks detected in frame 341
2025-08-09 20:34:41,773 [WARNING] No pose landmarks detected in frame 342
2025-08-09 20:34:41,790 [WARNING] No pose landmarks detected in frame 343
2025-08-09 20:34:41,810 [WARNING] No pose landmarks detected in frame 344
2025-08-09 20:34:41,830 [WARNING] No pose landmarks detected in frame 345
2025-08-09 20:34:41,850 [WARNING] No pose landmarks detected in frame 346
2025-08-09 20:34:41,869 [WARNING] No pose landmarks detected in frame 347
2025-08-09 20:34:41,888 [WARNING] No pose landmarks detected in frame 348
2025-08-09 20:34:41,906 [WARNING] No pose landmarks detected in frame 349
2025-08-09 20:34:41,925 [WARNING] No pose landmarks detected in frame 350
2025-08-09 20:34:41,944 [WARNING] No pose landmarks detected in frame 351
2025-08-09 20:34:41,963 [WARNING] No pose landmarks detected in frame 352
2025-08-09 20:34:45,753 [INFO] Processed 400 frames...
2025-08-09 20:34:46,472 [INFO] End of video reached.
2025-08-09 20:34:46,478 [INFO] Saved annotated video to D:/Projects/TrueForm/outputs/video_0_annotated.mp4\video_0.mp4
2025-08-09 20:34:46,489 [INFO] Detected 2 shots at frames [ 74 291]
2025-08-09 20:34:46,490 [INFO] Detected 2 shots at frames [293 368]
2025-08-09 20:35:41,561 [INFO] Opening video file: D:/Projects/TrueForm/data/raw/video_0.mp4
2025-08-09 20:35:41,566 [INFO] Video properties: 30.00 FPS, 270x480
2025-08-09 20:35:45,527 [INFO] Processed 50 frames...
2025-08-09 20:35:49,406 [INFO] Processed 100 frames...
2025-08-09 20:35:53,282 [INFO] Processed 150 frames...
2025-08-09 20:35:57,168 [INFO] Processed 200 frames...
2025-08-09 20:36:01,115 [INFO] Processed 250 frames...
2025-08-09 20:36:05,044 [INFO] Processed 300 frames...
2025-08-09 20:36:06,185 [WARNING] No pose landmarks detected in frame 314
2025-08-09 20:36:06,599 [WARNING] No pose landmarks detected in frame 319
2025-08-09 20:36:06,618 [WARNING] No pose landmarks detected in frame 320
2025-08-09 20:36:06,636 [WARNING] No pose landmarks detected in frame 321
2025-08-09 20:36:06,655 [WARNING] No pose landmarks detected in frame 322
2025-08-09 20:36:06,673 [WARNING] No pose landmarks detected in frame 323
2025-08-09 20:36:06,693 [WARNING] No pose landmarks detected in frame 324
2025-08-09 20:36:06,712 [WARNING] No pose landmarks detected in frame 325
2025-08-09 20:36:06,731 [WARNING] No pose landmarks detected in frame 326
2025-08-09 20:36:06,750 [WARNING] No pose landmarks detected in frame 327
2025-08-09 20:36:06,769 [WARNING] No pose landmarks detected in frame 328
2025-08-09 20:36:06,788 [WARNING] No pose landmarks detected in frame 329
2025-08-09 20:36:06,807 [WARNING] No pose landmarks detected in frame 330
2025-08-09 20:36:06,825 [WARNING] No pose landmarks detected in frame 331
2025-08-09 20:36:06,844 [WARNING] No pose landmarks detected in frame 332
2025-08-09 20:36:06,864 [WARNING] No pose landmarks detected in frame 333
2025-08-09 20:36:06,883 [WARNING] No pose landmarks detected in frame 334
2025-08-09 20:36:06,901 [WARNING] No pose landmarks detected in frame 335
2025-08-09 20:36:06,920 [WARNING] No pose landmarks detected in frame 336
2025-08-09 20:36:06,939 [WARNING] No pose landmarks detected in frame 337
2025-08-09 20:36:07,113 [WARNING] No pose landmarks detected in frame 339
2025-08-09 20:36:07,131 [WARNING] No pose landmarks detected in frame 340
2025-08-09 20:36:07,150 [WARNING] No pose landmarks detected in frame 341
2025-08-09 20:36:07,169 [WARNING] No pose landmarks detected in frame 342
2025-08-09 20:36:07,189 [WARNING] No pose landmarks detected in frame 343
2025-08-09 20:36:07,209 [WARNING] No pose landmarks detected in frame 344
2025-08-09 20:36:07,227 [WARNING] No pose landmarks detected in frame 345
2025-08-09 20:36:07,245 [WARNING] No pose landmarks detected in frame 346
2025-08-09 20:36:07,265 [WARNING] No pose landmarks detected in frame 347
2025-08-09 20:36:07,285 [WARNING] No pose landmarks detected in frame 348
2025-08-09 20:36:07,305 [WARNING] No pose landmarks detected in frame 349
2025-08-09 20:36:07,327 [WARNING] No pose landmarks detected in frame 350
2025-08-09 20:36:07,349 [WARNING] No pose landmarks detected in frame 351
2025-08-09 20:36:07,370 [WARNING] No pose landmarks detected in frame 352
2025-08-09 20:36:11,175 [INFO] Processed 400 frames...
2025-08-09 20:36:11,903 [INFO] End of video reached.
2025-08-09 20:36:11,909 [INFO] Saved annotated video to D:/Projects/TrueForm/outputs/video_0_annotated.mp4\video_0.mp4
2025-08-09 20:36:11,922 [INFO] Detected 2 shots at frames [ 74 291]
2025-08-09 20:36:11,922 [INFO] Detected 2 shots at frames [293 368]
2025-08-09 20:36:12,411 [INFO] Saved annotated video to: D:/Projects/TrueForm/outputs/video_0_annotated.mp4
2025-08-09 20:40:08,716 [INFO] Opening video file: D:/Projects/TrueForm/data/raw/video_0.mp4
2025-08-09 20:40:08,721 [INFO] Video properties: 30.00 FPS, 270x480
2025-08-09 20:40:12,744 [INFO] Processed 50 frames...
2025-08-09 20:40:16,711 [INFO] Processed 100 frames...
2025-08-09 20:40:20,678 [INFO] Processed 150 frames...
2025-08-09 20:40:24,653 [INFO] Processed 200 frames...
2025-08-09 20:40:28,616 [INFO] Processed 250 frames...
2025-08-09 20:40:32,594 [INFO] Processed 300 frames...
2025-08-09 20:40:33,736 [WARNING] No pose landmarks detected in frame 314
2025-08-09 20:40:34,154 [WARNING] No pose landmarks detected in frame 319
2025-08-09 20:40:34,173 [WARNING] No pose landmarks detected in frame 320
2025-08-09 20:40:34,192 [WARNING] No pose landmarks detected in frame 321
2025-08-09 20:40:34,212 [WARNING] No pose landmarks detected in frame 322
2025-08-09 20:40:34,232 [WARNING] No pose landmarks detected in frame 323
2025-08-09 20:40:34,252 [WARNING] No pose landmarks detected in frame 324
2025-08-09 20:40:34,270 [WARNING] No pose landmarks detected in frame 325
2025-08-09 20:40:34,289 [WARNING] No pose landmarks detected in frame 326
2025-08-09 20:40:34,307 [WARNING] No pose landmarks detected in frame 327
2025-08-09 20:40:34,326 [WARNING] No pose landmarks detected in frame 328
2025-08-09 20:40:34,346 [WARNING] No pose landmarks detected in frame 329
2025-08-09 20:40:34,365 [WARNING] No pose landmarks detected in frame 330
2025-08-09 20:40:34,383 [WARNING] No pose landmarks detected in frame 331
2025-08-09 20:40:34,403 [WARNING] No pose landmarks detected in frame 332
2025-08-09 20:40:34,422 [WARNING] No pose landmarks detected in frame 333
2025-08-09 20:40:34,441 [WARNING] No pose landmarks detected in frame 334
2025-08-09 20:40:34,461 [WARNING] No pose landmarks detected in frame 335
2025-08-09 20:40:34,480 [WARNING] No pose landmarks detected in frame 336
2025-08-09 20:40:34,499 [WARNING] No pose landmarks detected in frame 337
2025-08-09 20:40:34,676 [WARNING] No pose landmarks detected in frame 339
2025-08-09 20:40:34,694 [WARNING] No pose landmarks detected in frame 340
2025-08-09 20:40:34,718 [WARNING] No pose landmarks detected in frame 341
2025-08-09 20:40:34,758 [WARNING] No pose landmarks detected in frame 342
2025-08-09 20:40:34,777 [WARNING] No pose landmarks detected in frame 343
2025-08-09 20:40:34,797 [WARNING] No pose landmarks detected in frame 344
2025-08-09 20:40:34,815 [WARNING] No pose landmarks detected in frame 345
2025-08-09 20:40:34,835 [WARNING] No pose landmarks detected in frame 346
2025-08-09 20:40:34,854 [WARNING] No pose landmarks detected in frame 347
2025-08-09 20:40:34,873 [WARNING] No pose landmarks detected in frame 348
2025-08-09 20:40:34,892 [WARNING] No pose landmarks detected in frame 349
2025-08-09 20:40:34,910 [WARNING] No pose landmarks detected in frame 350
2025-08-09 20:40:34,929 [WARNING] No pose landmarks detected in frame 351
2025-08-09 20:40:34,948 [WARNING] No pose landmarks detected in frame 352
2025-08-09 20:40:38,776 [INFO] Processed 400 frames...
2025-08-09 20:40:39,497 [INFO] End of video reached.
2025-08-09 20:42:24,972 [INFO] Opening video file: D:/Projects/TrueForm/data/raw/video_0.mp4
2025-08-09 20:42:24,977 [INFO] Video properties: 30.00 FPS, 270x480
2025-08-09 20:42:29,033 [INFO] Processed 50 frames...
2025-08-09 20:42:33,009 [INFO] Processed 100 frames...
2025-08-09 20:42:36,962 [INFO] Processed 150 frames...
2025-08-09 20:42:40,911 [INFO] Processed 200 frames...
2025-08-09 20:42:44,855 [INFO] Processed 250 frames...
2025-08-09 20:42:48,801 [INFO] Processed 300 frames...
2025-08-09 20:42:49,928 [WARNING] No pose landmarks detected in frame 314
2025-08-09 20:42:50,339 [WARNING] No pose landmarks detected in frame 319
2025-08-09 20:42:50,358 [WARNING] No pose landmarks detected in frame 320
2025-08-09 20:42:50,379 [WARNING] No pose landmarks detected in frame 321
2025-08-09 20:42:50,400 [WARNING] No pose landmarks detected in frame 322
2025-08-09 20:42:50,418 [WARNING] No pose landmarks detected in frame 323
2025-08-09 20:42:50,438 [WARNING] No pose landmarks detected in frame 324
2025-08-09 20:42:50,457 [WARNING] No pose landmarks detected in frame 325
2025-08-09 20:42:50,477 [WARNING] No pose landmarks detected in frame 326
2025-08-09 20:42:50,495 [WARNING] No pose landmarks detected in frame 327
2025-08-09 20:42:50,516 [WARNING] No pose landmarks detected in frame 328
2025-08-09 20:42:50,538 [WARNING] No pose landmarks detected in frame 329
2025-08-09 20:42:50,580 [WARNING] No pose landmarks detected in frame 330
2025-08-09 20:42:50,599 [WARNING] No pose landmarks detected in frame 331
2025-08-09 20:42:50,620 [WARNING] No pose landmarks detected in frame 332
2025-08-09 20:42:50,640 [WARNING] No pose landmarks detected in frame 333
2025-08-09 20:42:50,659 [WARNING] No pose landmarks detected in frame 334
2025-08-09 20:42:50,679 [WARNING] No pose landmarks detected in frame 335
2025-08-09 20:42:50,698 [WARNING] No pose landmarks detected in frame 336
2025-08-09 20:42:50,717 [WARNING] No pose landmarks detected in frame 337
2025-08-09 20:42:50,893 [WARNING] No pose landmarks detected in frame 339
2025-08-09 20:42:50,913 [WARNING] No pose landmarks detected in frame 340
2025-08-09 20:42:50,931 [WARNING] No pose landmarks detected in frame 341
2025-08-09 20:42:50,950 [WARNING] No pose landmarks detected in frame 342
2025-08-09 20:42:50,969 [WARNING] No pose landmarks detected in frame 343
2025-08-09 20:42:50,989 [WARNING] No pose landmarks detected in frame 344
2025-08-09 20:42:51,008 [WARNING] No pose landmarks detected in frame 345
2025-08-09 20:42:51,028 [WARNING] No pose landmarks detected in frame 346
2025-08-09 20:42:51,047 [WARNING] No pose landmarks detected in frame 347
2025-08-09 20:42:51,066 [WARNING] No pose landmarks detected in frame 348
2025-08-09 20:42:51,085 [WARNING] No pose landmarks detected in frame 349
2025-08-09 20:42:51,104 [WARNING] No pose landmarks detected in frame 350
2025-08-09 20:42:51,123 [WARNING] No pose landmarks detected in frame 351
2025-08-09 20:42:51,143 [WARNING] No pose landmarks detected in frame 352
2025-08-09 20:42:54,944 [INFO] Processed 400 frames...
2025-08-09 20:42:55,666 [INFO] End of video reached.
2025-08-09 20:44:23,862 [INFO] Opening video file: D:/Projects/TrueForm/data/raw/video_0.mp4
2025-08-09 20:44:23,868 [INFO] Video properties: 30.00 FPS, 270x480
2025-08-09 20:44:28,026 [INFO] Processed 50 frames...
2025-08-09 20:44:32,150 [INFO] Processed 100 frames...
2025-08-09 20:44:36,198 [INFO] Processed 150 frames...
2025-08-09 20:44:40,540 [INFO] Processed 200 frames...
2025-08-09 20:44:44,642 [INFO] Processed 250 frames...
2025-08-09 20:44:48,575 [INFO] Processed 300 frames...
2025-08-09 20:44:49,711 [WARNING] No pose landmarks detected in frame 314
2025-08-09 20:44:50,124 [WARNING] No pose landmarks detected in frame 319
2025-08-09 20:44:50,141 [WARNING] No pose landmarks detected in frame 320
2025-08-09 20:44:50,162 [WARNING] No pose landmarks detected in frame 321
2025-08-09 20:44:50,181 [WARNING] No pose landmarks detected in frame 322
2025-08-09 20:44:50,200 [WARNING] No pose landmarks detected in frame 323
2025-08-09 20:44:50,219 [WARNING] No pose landmarks detected in frame 324
2025-08-09 20:44:50,239 [WARNING] No pose landmarks detected in frame 325
2025-08-09 20:44:50,257 [WARNING] No pose landmarks detected in frame 326
2025-08-09 20:44:50,275 [WARNING] No pose landmarks detected in frame 327
2025-08-09 20:44:50,295 [WARNING] No pose landmarks detected in frame 328
2025-08-09 20:44:50,314 [WARNING] No pose landmarks detected in frame 329
2025-08-09 20:44:50,332 [WARNING] No pose landmarks detected in frame 330
2025-08-09 20:44:50,352 [WARNING] No pose landmarks detected in frame 331
2025-08-09 20:44:50,370 [WARNING] No pose landmarks detected in frame 332
2025-08-09 20:44:50,389 [WARNING] No pose landmarks detected in frame 333
2025-08-09 20:44:50,409 [WARNING] No pose landmarks detected in frame 334
2025-08-09 20:44:50,427 [WARNING] No pose landmarks detected in frame 335
2025-08-09 20:44:50,446 [WARNING] No pose landmarks detected in frame 336
2025-08-09 20:44:50,465 [WARNING] No pose landmarks detected in frame 337
2025-08-09 20:44:50,640 [WARNING] No pose landmarks detected in frame 339
2025-08-09 20:44:50,659 [WARNING] No pose landmarks detected in frame 340
2025-08-09 20:44:50,679 [WARNING] No pose landmarks detected in frame 341
2025-08-09 20:44:50,696 [WARNING] No pose landmarks detected in frame 342
2025-08-09 20:44:50,717 [WARNING] No pose landmarks detected in frame 343
2025-08-09 20:44:50,736 [WARNING] No pose landmarks detected in frame 344
2025-08-09 20:44:50,755 [WARNING] No pose landmarks detected in frame 345
2025-08-09 20:44:50,774 [WARNING] No pose landmarks detected in frame 346
2025-08-09 20:44:50,793 [WARNING] No pose landmarks detected in frame 347
2025-08-09 20:44:50,812 [WARNING] No pose landmarks detected in frame 348
2025-08-09 20:44:50,831 [WARNING] No pose landmarks detected in frame 349
2025-08-09 20:44:50,849 [WARNING] No pose landmarks detected in frame 350
2025-08-09 20:44:50,867 [WARNING] No pose landmarks detected in frame 351
2025-08-09 20:44:50,886 [WARNING] No pose landmarks detected in frame 352
2025-08-09 20:44:54,726 [INFO] Processed 400 frames...
2025-08-09 20:44:55,449 [INFO] End of video reached.
2025-08-09 20:46:05,688 [INFO] Opening video file: D:/Projects/TrueForm/data/raw/video_0.mp4
2025-08-09 20:46:05,693 [INFO] Video properties: 30.00 FPS, 270x480
2025-08-09 20:46:09,684 [INFO] Processed 50 frames...
2025-08-09 20:46:13,647 [INFO] Processed 100 frames...
2025-08-09 20:46:17,577 [INFO] Processed 150 frames...
2025-08-09 20:46:21,503 [INFO] Processed 200 frames...
2025-08-09 20:46:25,471 [INFO] Processed 250 frames...
2025-08-09 20:46:29,394 [INFO] Processed 300 frames...
2025-08-09 20:46:30,529 [WARNING] No pose landmarks detected in frame 314
2025-08-09 20:46:30,938 [WARNING] No pose landmarks detected in frame 319
2025-08-09 20:46:30,956 [WARNING] No pose landmarks detected in frame 320
2025-08-09 20:46:30,976 [WARNING] No pose landmarks detected in frame 321
2025-08-09 20:46:30,996 [WARNING] No pose landmarks detected in frame 322
2025-08-09 20:46:31,016 [WARNING] No pose landmarks detected in frame 323
2025-08-09 20:46:31,034 [WARNING] No pose landmarks detected in frame 324
2025-08-09 20:46:31,053 [WARNING] No pose landmarks detected in frame 325
2025-08-09 20:46:31,074 [WARNING] No pose landmarks detected in frame 326
2025-08-09 20:46:31,106 [WARNING] No pose landmarks detected in frame 327
2025-08-09 20:46:31,126 [WARNING] No pose landmarks detected in frame 328
2025-08-09 20:46:31,146 [WARNING] No pose landmarks detected in frame 329
2025-08-09 20:46:31,164 [WARNING] No pose landmarks detected in frame 330
2025-08-09 20:46:31,183 [WARNING] No pose landmarks detected in frame 331
2025-08-09 20:46:31,202 [WARNING] No pose landmarks detected in frame 332
2025-08-09 20:46:31,221 [WARNING] No pose landmarks detected in frame 333
2025-08-09 20:46:31,239 [WARNING] No pose landmarks detected in frame 334
2025-08-09 20:46:31,258 [WARNING] No pose landmarks detected in frame 335
2025-08-09 20:46:31,278 [WARNING] No pose landmarks detected in frame 336
2025-08-09 20:46:31,297 [WARNING] No pose landmarks detected in frame 337
2025-08-09 20:46:31,473 [WARNING] No pose landmarks detected in frame 339
2025-08-09 20:46:31,491 [WARNING] No pose landmarks detected in frame 340
2025-08-09 20:46:31,511 [WARNING] No pose landmarks detected in frame 341
2025-08-09 20:46:31,531 [WARNING] No pose landmarks detected in frame 342
2025-08-09 20:46:31,550 [WARNING] No pose landmarks detected in frame 343
2025-08-09 20:46:31,569 [WARNING] No pose landmarks detected in frame 344
2025-08-09 20:46:31,588 [WARNING] No pose landmarks detected in frame 345
2025-08-09 20:46:31,608 [WARNING] No pose landmarks detected in frame 346
2025-08-09 20:46:31,626 [WARNING] No pose landmarks detected in frame 347
2025-08-09 20:46:31,644 [WARNING] No pose landmarks detected in frame 348
2025-08-09 20:46:31,665 [WARNING] No pose landmarks detected in frame 349
2025-08-09 20:46:31,684 [WARNING] No pose landmarks detected in frame 350
2025-08-09 20:46:31,703 [WARNING] No pose landmarks detected in frame 351
2025-08-09 20:46:31,722 [WARNING] No pose landmarks detected in frame 352
2025-08-09 20:46:35,513 [INFO] Processed 400 frames...
2025-08-09 20:46:36,233 [INFO] End of video reached.
2025-08-09 20:46:36,250 [INFO] Detected 2 shots at frames [ 74 291]
2025-08-09 20:46:36,250 [INFO] Detected 2 shots at frames [293 368]
2025-08-09 20:46:36,737 [INFO] Saved annotated video to: D:/Projects/TrueForm/outputs/video_0_annotated.mp4
