2025-08-09 18:05:10,188 [INFO] Opening video file: D:/Projects/TrueForm/data/raw/video_0.mp4
2025-08-09 18:05:10,194 [INFO] Video properties: 30.00 FPS, 270x480
2025-08-09 18:05:14,669 [INFO] Processed 50 frames...
2025-08-09 18:05:18,874 [INFO] Processed 100 frames...
2025-08-09 18:05:22,987 [INFO] Processed 150 frames...
2025-08-09 18:05:27,118 [INFO] Processed 200 frames...
2025-08-09 18:05:31,500 [INFO] Processed 250 frames...
2025-08-09 18:05:35,990 [INFO] Processed 300 frames...
2025-08-09 18:05:37,189 [WARNING] No pose landmarks detected in frame 314
2025-08-09 18:05:37,679 [WARNING] No pose landmarks detected in frame 319
2025-08-09 18:05:37,699 [WARNING] No pose landmarks detected in frame 320
2025-08-09 18:05:37,719 [WARNING] No pose landmarks detected in frame 321
2025-08-09 18:05:37,740 [WARNING] No pose landmarks detected in frame 322
2025-08-09 18:05:37,759 [WARNING] No pose landmarks detected in frame 323
2025-08-09 18:05:37,779 [WARNING] No pose landmarks detected in frame 324
2025-08-09 18:05:37,798 [WARNING] No pose landmarks detected in frame 325
2025-08-09 18:05:37,817 [WARNING] No pose landmarks detected in frame 326
2025-08-09 18:05:37,837 [WARNING] No pose landmarks detected in frame 327
2025-08-09 18:05:37,859 [WARNING] No pose landmarks detected in frame 328
2025-08-09 18:05:37,877 [WARNING] No pose landmarks detected in frame 329
2025-08-09 18:05:37,903 [WARNING] No pose landmarks detected in frame 330
2025-08-09 18:05:37,922 [WARNING] No pose landmarks detected in frame 331
2025-08-09 18:05:37,941 [WARNING] No pose landmarks detected in frame 332
2025-08-09 18:05:37,960 [WARNING] No pose landmarks detected in frame 333
2025-08-09 18:05:37,979 [WARNING] No pose landmarks detected in frame 334
2025-08-09 18:05:37,998 [WARNING] No pose landmarks detected in frame 335
2025-08-09 18:05:38,017 [WARNING] No pose landmarks detected in frame 336
2025-08-09 18:05:38,034 [WARNING] No pose landmarks detected in frame 337
2025-08-09 18:05:38,253 [WARNING] No pose landmarks detected in frame 339
2025-08-09 18:05:38,272 [WARNING] No pose landmarks detected in frame 340
2025-08-09 18:05:38,293 [WARNING] No pose landmarks detected in frame 341
2025-08-09 18:05:38,313 [WARNING] No pose landmarks detected in frame 342
2025-08-09 18:05:38,332 [WARNING] No pose landmarks detected in frame 343
2025-08-09 18:05:38,352 [WARNING] No pose landmarks detected in frame 344
2025-08-09 18:05:38,373 [WARNING] No pose landmarks detected in frame 345
2025-08-09 18:05:38,400 [WARNING] No pose landmarks detected in frame 346
2025-08-09 18:05:38,420 [WARNING] No pose landmarks detected in frame 347
2025-08-09 18:05:38,441 [WARNING] No pose landmarks detected in frame 348
2025-08-09 18:05:38,461 [WARNING] No pose landmarks detected in frame 349
2025-08-09 18:05:38,482 [WARNING] No pose landmarks detected in frame 350
2025-08-09 18:05:38,501 [WARNING] No pose landmarks detected in frame 351
2025-08-09 18:05:38,523 [WARNING] No pose landmarks detected in frame 352
2025-08-09 18:05:42,792 [INFO] Processed 400 frames...
2025-08-09 18:05:43,595 [INFO] End of video reached.
2025-08-09 18:05:43,600 [INFO] Saved annotated video to D:/Projects/TrueForm/outputs\video_0.mp4
2025-08-09 18:05:43,602 [INFO] Saved landmarks array to data/keypoints/video_0_landmarks.npy
2025-08-09 18:05:43,603 [INFO] Extracted 375 frames of keypoints.
2025-08-09 18:07:22,036 [INFO] Opening video file: D:/Projects/TrueForm/data/raw/video_0.mp4
2025-08-09 18:07:22,041 [INFO] Video properties: 30.00 FPS, 270x480
2025-08-09 18:07:45,650 [INFO] Opening video file: D:/Projects/TrueForm/data/raw/video_0.mp4
2025-08-09 18:07:45,657 [INFO] Video properties: 30.00 FPS, 270x480
2025-08-09 18:09:37,667 [INFO] Opening video file: D:/Projects/TrueForm/data/raw/video_0.mp4
2025-08-09 18:09:37,673 [INFO] Video properties: 30.00 FPS, 270x480
2025-08-09 18:09:41,801 [INFO] Processed 50 frames...
2025-08-09 18:09:51,059 [INFO] Opening video file: D:/Projects/TrueForm/data/raw/video_0.mp4
2025-08-09 18:09:51,065 [INFO] Video properties: 30.00 FPS, 270x480
2025-08-09 18:09:55,334 [INFO] Processed 50 frames...
2025-08-09 18:10:27,270 [INFO] Opening video file: D:/Projects/TrueForm/data/raw/video_0.mp4
2025-08-09 18:10:27,276 [INFO] Video properties: 30.00 FPS, 270x480
2025-08-09 18:10:31,636 [INFO] Processed 50 frames...
2025-08-09 18:10:56,179 [INFO] Opening video file: D:/Projects/TrueForm/data/raw/video_0.mp4
2025-08-09 18:10:56,184 [INFO] Video properties: 30.00 FPS, 270x480
2025-08-09 18:11:30,532 [INFO] Opening video file: D:/Projects/TrueForm/data/raw/video_0.mp4
2025-08-09 18:11:30,538 [INFO] Video properties: 30.00 FPS, 270x480
2025-08-09 18:12:45,161 [INFO] Opening video file: D:/Projects/TrueForm/data/raw/video_0.mp4
2025-08-09 18:12:45,168 [INFO] Video properties: 30.00 FPS, 270x480
2025-08-09 18:12:49,308 [INFO] Processed 50 frames...
2025-08-09 18:12:53,360 [INFO] Processed 100 frames...
2025-08-09 18:12:57,358 [INFO] Processed 150 frames...
2025-08-09 18:13:01,330 [INFO] Processed 200 frames...
2025-08-09 18:13:05,309 [INFO] Processed 250 frames...
2025-08-09 18:13:09,305 [INFO] Processed 300 frames...
2025-08-09 18:13:10,412 [WARNING] No pose landmarks detected in frame 314
2025-08-09 18:13:10,824 [WARNING] No pose landmarks detected in frame 319
2025-08-09 18:13:10,844 [WARNING] No pose landmarks detected in frame 320
2025-08-09 18:13:10,864 [WARNING] No pose landmarks detected in frame 321
2025-08-09 18:13:10,883 [WARNING] No pose landmarks detected in frame 322
2025-08-09 18:13:10,902 [WARNING] No pose landmarks detected in frame 323
2025-08-09 18:13:10,922 [WARNING] No pose landmarks detected in frame 324
2025-08-09 18:13:10,941 [WARNING] No pose landmarks detected in frame 325
2025-08-09 18:13:10,961 [WARNING] No pose landmarks detected in frame 326
2025-08-09 18:13:10,980 [WARNING] No pose landmarks detected in frame 327
2025-08-09 18:13:11,000 [WARNING] No pose landmarks detected in frame 328
2025-08-09 18:13:11,018 [WARNING] No pose landmarks detected in frame 329
2025-08-09 18:13:11,038 [WARNING] No pose landmarks detected in frame 330
2025-08-09 18:13:11,057 [WARNING] No pose landmarks detected in frame 331
2025-08-09 18:13:11,077 [WARNING] No pose landmarks detected in frame 332
2025-08-09 18:13:11,097 [WARNING] No pose landmarks detected in frame 333
2025-08-09 18:13:11,116 [WARNING] No pose landmarks detected in frame 334
2025-08-09 18:13:11,136 [WARNING] No pose landmarks detected in frame 335
2025-08-09 18:13:11,157 [WARNING] No pose landmarks detected in frame 336
2025-08-09 18:13:11,176 [WARNING] No pose landmarks detected in frame 337
2025-08-09 18:13:11,354 [WARNING] No pose landmarks detected in frame 339
2025-08-09 18:13:11,374 [WARNING] No pose landmarks detected in frame 340
2025-08-09 18:13:11,393 [WARNING] No pose landmarks detected in frame 341
2025-08-09 18:13:11,413 [WARNING] No pose landmarks detected in frame 342
2025-08-09 18:13:11,434 [WARNING] No pose landmarks detected in frame 343
2025-08-09 18:13:11,453 [WARNING] No pose landmarks detected in frame 344
2025-08-09 18:13:11,474 [WARNING] No pose landmarks detected in frame 345
2025-08-09 18:13:11,492 [WARNING] No pose landmarks detected in frame 346
2025-08-09 18:13:11,512 [WARNING] No pose landmarks detected in frame 347
2025-08-09 18:13:11,531 [WARNING] No pose landmarks detected in frame 348
2025-08-09 18:13:11,549 [WARNING] No pose landmarks detected in frame 349
2025-08-09 18:13:11,569 [WARNING] No pose landmarks detected in frame 350
2025-08-09 18:13:11,588 [WARNING] No pose landmarks detected in frame 351
2025-08-09 18:13:11,607 [WARNING] No pose landmarks detected in frame 352
2025-08-09 18:13:15,434 [INFO] Processed 400 frames...
2025-08-09 18:13:16,153 [INFO] End of video reached.
2025-08-09 18:13:16,159 [INFO] Saved annotated video to D:/Projects/TrueForm/outputs\video_0.mp4
2025-08-09 18:13:16,160 [INFO] Saved landmarks array to data/keypoints/video_0_landmarks.npy
2025-08-09 18:13:16,161 [INFO] Extracted 375 frames of keypoints.
2025-08-09 18:13:37,651 [INFO] Opening video file: D:/Projects/TrueForm/data/raw/video_0.mp4
2025-08-09 18:13:37,657 [INFO] Video properties: 30.00 FPS, 270x480
2025-08-09 18:13:41,712 [INFO] Processed 50 frames...
2025-08-09 18:13:45,676 [INFO] Processed 100 frames...
2025-08-09 18:13:50,037 [INFO] Processed 150 frames...
2025-08-09 18:13:54,124 [INFO] Processed 200 frames...
2025-08-09 18:13:58,270 [INFO] Processed 250 frames...
2025-08-09 18:14:02,546 [INFO] Processed 300 frames...
2025-08-09 18:14:03,707 [WARNING] No pose landmarks detected in frame 314
2025-08-09 18:14:04,180 [WARNING] No pose landmarks detected in frame 319
2025-08-09 18:14:04,201 [WARNING] No pose landmarks detected in frame 320
2025-08-09 18:14:04,221 [WARNING] No pose landmarks detected in frame 321
2025-08-09 18:14:04,240 [WARNING] No pose landmarks detected in frame 322
2025-08-09 18:14:04,261 [WARNING] No pose landmarks detected in frame 323
2025-08-09 18:14:04,280 [WARNING] No pose landmarks detected in frame 324
2025-08-09 18:14:04,300 [WARNING] No pose landmarks detected in frame 325
2025-08-09 18:14:04,319 [WARNING] No pose landmarks detected in frame 326
2025-08-09 18:14:04,338 [WARNING] No pose landmarks detected in frame 327
2025-08-09 18:14:04,356 [WARNING] No pose landmarks detected in frame 328
2025-08-09 18:14:04,376 [WARNING] No pose landmarks detected in frame 329
2025-08-09 18:14:04,394 [WARNING] No pose landmarks detected in frame 330
2025-08-09 18:14:04,413 [WARNING] No pose landmarks detected in frame 331
2025-08-09 18:14:04,433 [WARNING] No pose landmarks detected in frame 332
2025-08-09 18:14:04,453 [WARNING] No pose landmarks detected in frame 333
2025-08-09 18:14:04,473 [WARNING] No pose landmarks detected in frame 334
2025-08-09 18:14:04,491 [WARNING] No pose landmarks detected in frame 335
2025-08-09 18:14:04,511 [WARNING] No pose landmarks detected in frame 336
2025-08-09 18:14:04,529 [WARNING] No pose landmarks detected in frame 337
2025-08-09 18:14:04,716 [WARNING] No pose landmarks detected in frame 339
2025-08-09 18:14:04,734 [WARNING] No pose landmarks detected in frame 340
2025-08-09 18:14:04,753 [WARNING] No pose landmarks detected in frame 341
2025-08-09 18:14:04,771 [WARNING] No pose landmarks detected in frame 342
2025-08-09 18:14:04,789 [WARNING] No pose landmarks detected in frame 343
2025-08-09 18:14:04,809 [WARNING] No pose landmarks detected in frame 344
2025-08-09 18:14:04,826 [WARNING] No pose landmarks detected in frame 345
2025-08-09 18:14:04,845 [WARNING] No pose landmarks detected in frame 346
2025-08-09 18:14:04,863 [WARNING] No pose landmarks detected in frame 347
2025-08-09 18:14:04,880 [WARNING] No pose landmarks detected in frame 348
2025-08-09 18:14:04,898 [WARNING] No pose landmarks detected in frame 349
2025-08-09 18:14:04,922 [WARNING] No pose landmarks detected in frame 350
2025-08-09 18:14:04,942 [WARNING] No pose landmarks detected in frame 351
2025-08-09 18:14:04,964 [WARNING] No pose landmarks detected in frame 352
2025-08-09 18:14:09,295 [INFO] Processed 400 frames...
2025-08-09 18:14:10,107 [INFO] End of video reached.
2025-08-09 18:14:10,113 [INFO] Saved annotated video to D:/Projects/TrueForm/outputs\video_0.mp4
2025-08-09 18:14:10,114 [INFO] Saved landmarks array to data/keypoints/video_0_landmarks.npy
2025-08-09 18:14:10,114 [INFO] Extracted 375 frames of keypoints.
2025-08-09 18:16:14,487 [INFO] Opening video file: D:/Projects/TrueForm/data/raw/video_0.mp4
2025-08-09 18:16:14,492 [INFO] Video properties: 30.00 FPS, 270x480
2025-08-09 18:16:19,120 [INFO] Processed 50 frames...
2025-08-09 18:16:23,402 [INFO] Processed 100 frames...
2025-08-09 18:16:27,852 [INFO] Processed 150 frames...
2025-08-09 18:16:32,135 [INFO] Processed 200 frames...
2025-08-09 18:16:36,651 [INFO] Processed 250 frames...
2025-08-09 18:16:41,689 [INFO] Processed 300 frames...
2025-08-09 18:16:43,122 [WARNING] No pose landmarks detected in frame 314
2025-08-09 18:16:43,652 [WARNING] No pose landmarks detected in frame 319
2025-08-09 18:16:43,676 [WARNING] No pose landmarks detected in frame 320
2025-08-09 18:16:43,698 [WARNING] No pose landmarks detected in frame 321
2025-08-09 18:16:43,725 [WARNING] No pose landmarks detected in frame 322
2025-08-09 18:16:43,745 [WARNING] No pose landmarks detected in frame 323
2025-08-09 18:16:43,769 [WARNING] No pose landmarks detected in frame 324
2025-08-09 18:16:43,790 [WARNING] No pose landmarks detected in frame 325
2025-08-09 18:16:43,822 [WARNING] No pose landmarks detected in frame 326
2025-08-09 18:16:43,861 [WARNING] No pose landmarks detected in frame 327
2025-08-09 18:16:43,885 [WARNING] No pose landmarks detected in frame 328
2025-08-09 18:16:43,906 [WARNING] No pose landmarks detected in frame 329
2025-08-09 18:16:43,927 [WARNING] No pose landmarks detected in frame 330
2025-08-09 18:16:43,951 [WARNING] No pose landmarks detected in frame 331
2025-08-09 18:16:43,975 [WARNING] No pose landmarks detected in frame 332
2025-08-09 18:16:43,996 [WARNING] No pose landmarks detected in frame 333
2025-08-09 18:16:44,019 [WARNING] No pose landmarks detected in frame 334
2025-08-09 18:16:44,041 [WARNING] No pose landmarks detected in frame 335
2025-08-09 18:16:44,068 [WARNING] No pose landmarks detected in frame 336
2025-08-09 18:16:44,089 [WARNING] No pose landmarks detected in frame 337
2025-08-09 18:16:44,317 [WARNING] No pose landmarks detected in frame 339
2025-08-09 18:16:44,337 [WARNING] No pose landmarks detected in frame 340
2025-08-09 18:16:44,359 [WARNING] No pose landmarks detected in frame 341
2025-08-09 18:16:44,381 [WARNING] No pose landmarks detected in frame 342
2025-08-09 18:16:44,403 [WARNING] No pose landmarks detected in frame 343
2025-08-09 18:16:44,425 [WARNING] No pose landmarks detected in frame 344
2025-08-09 18:16:44,451 [WARNING] No pose landmarks detected in frame 345
2025-08-09 18:16:44,479 [WARNING] No pose landmarks detected in frame 346
2025-08-09 18:16:44,502 [WARNING] No pose landmarks detected in frame 347
2025-08-09 18:16:44,526 [WARNING] No pose landmarks detected in frame 348
2025-08-09 18:16:44,550 [WARNING] No pose landmarks detected in frame 349
2025-08-09 18:16:44,574 [WARNING] No pose landmarks detected in frame 350
2025-08-09 18:16:44,603 [WARNING] No pose landmarks detected in frame 351
2025-08-09 18:16:44,625 [WARNING] No pose landmarks detected in frame 352
2025-08-09 18:16:49,362 [INFO] Processed 400 frames...
2025-08-09 18:16:50,277 [INFO] End of video reached.
2025-08-09 18:16:50,283 [INFO] Saved annotated video to D:/Projects/TrueForm/outputs\video_0.mp4
2025-08-09 18:16:50,284 [INFO] Saved landmarks array to data/keypoints/video_0_landmarks.npy
2025-08-09 18:16:50,284 [INFO] Extracted 375 frames of keypoints.
2025-08-09 18:17:13,486 [INFO] Opening video file: D:/Projects/TrueForm/data/raw/video_0.mp4
2025-08-09 18:17:13,491 [INFO] Video properties: 30.00 FPS, 270x480
2025-08-09 18:17:17,613 [INFO] Processed 50 frames...
2025-08-09 18:17:21,690 [INFO] Processed 100 frames...
2025-08-09 18:18:04,963 [INFO] Opening video file: D:/Projects/TrueForm/data/raw/video_0.mp4
2025-08-09 18:18:04,968 [INFO] Video properties: 30.00 FPS, 270x480
2025-08-09 18:18:09,124 [INFO] Processed 50 frames...
2025-08-09 18:18:13,303 [INFO] Processed 100 frames...
2025-08-09 18:18:48,287 [INFO] Opening video file: D:/Projects/TrueForm/data/raw/video_0.mp4
2025-08-09 18:18:48,292 [INFO] Video properties: 30.00 FPS, 270x480
2025-08-09 18:20:06,801 [INFO] Opening video file: D:/Projects/TrueForm/data/raw/video_0.mp4
2025-08-09 18:20:06,806 [INFO] Video properties: 30.00 FPS, 270x480
2025-08-09 18:20:32,245 [WARNING] No pose landmarks detected in frame 314
2025-08-09 18:20:32,663 [WARNING] No pose landmarks detected in frame 319
2025-08-09 18:20:32,683 [WARNING] No pose landmarks detected in frame 320
2025-08-09 18:20:32,702 [WARNING] No pose landmarks detected in frame 321
2025-08-09 18:20:32,724 [WARNING] No pose landmarks detected in frame 322
2025-08-09 18:20:32,744 [WARNING] No pose landmarks detected in frame 323
2025-08-09 18:20:32,762 [WARNING] No pose landmarks detected in frame 324
2025-08-09 18:20:32,782 [WARNING] No pose landmarks detected in frame 325
2025-08-09 18:20:32,801 [WARNING] No pose landmarks detected in frame 326
2025-08-09 18:20:32,820 [WARNING] No pose landmarks detected in frame 327
2025-08-09 18:20:32,839 [WARNING] No pose landmarks detected in frame 328
2025-08-09 18:20:32,858 [WARNING] No pose landmarks detected in frame 329
2025-08-09 18:20:32,877 [WARNING] No pose landmarks detected in frame 330
2025-08-09 18:20:32,896 [WARNING] No pose landmarks detected in frame 331
2025-08-09 18:20:32,915 [WARNING] No pose landmarks detected in frame 332
2025-08-09 18:20:32,933 [WARNING] No pose landmarks detected in frame 333
2025-08-09 18:20:32,952 [WARNING] No pose landmarks detected in frame 334
2025-08-09 18:20:32,971 [WARNING] No pose landmarks detected in frame 335
2025-08-09 18:20:32,991 [WARNING] No pose landmarks detected in frame 336
2025-08-09 18:20:33,011 [WARNING] No pose landmarks detected in frame 337
2025-08-09 18:20:33,192 [WARNING] No pose landmarks detected in frame 339
2025-08-09 18:20:33,211 [WARNING] No pose landmarks detected in frame 340
2025-08-09 18:20:33,231 [WARNING] No pose landmarks detected in frame 341
2025-08-09 18:20:33,251 [WARNING] No pose landmarks detected in frame 342
2025-08-09 18:20:33,274 [WARNING] No pose landmarks detected in frame 343
2025-08-09 18:20:33,293 [WARNING] No pose landmarks detected in frame 344
2025-08-09 18:20:33,311 [WARNING] No pose landmarks detected in frame 345
2025-08-09 18:20:33,330 [WARNING] No pose landmarks detected in frame 346
2025-08-09 18:20:33,349 [WARNING] No pose landmarks detected in frame 347
2025-08-09 18:20:33,368 [WARNING] No pose landmarks detected in frame 348
2025-08-09 18:20:33,389 [WARNING] No pose landmarks detected in frame 349
2025-08-09 18:20:33,407 [WARNING] No pose landmarks detected in frame 350
2025-08-09 18:20:33,427 [WARNING] No pose landmarks detected in frame 351
2025-08-09 18:20:33,445 [WARNING] No pose landmarks detected in frame 352
2025-08-09 18:20:38,052 [INFO] End of video reached.
2025-08-09 18:20:38,058 [INFO] Saved annotated video to D:/Projects/TrueForm/outputs\video_0.mp4
2025-08-09 18:20:38,060 [INFO] Saved landmarks array to data/keypoints/video_0_landmarks.npy
2025-08-09 18:20:38,060 [INFO] Extracted 375 frames of keypoints.
2025-08-09 18:20:59,741 [INFO] Opening video file: D:/Projects/TrueForm/data/raw/video_0.mp4
2025-08-09 18:20:59,747 [INFO] Video properties: 30.00 FPS, 270x480
2025-08-09 18:23:05,970 [INFO] Opening video file: D:/Projects/TrueForm/data/raw/video_0.mp4
2025-08-09 18:23:05,975 [INFO] Video properties: 30.00 FPS, 270x480
